<?xml version="1.0" encoding="UTF-8"?>
<testsuite xmlns:xsi="http://www.w3.org/2001/XMLSchema-instance" xsi:noNamespaceSchemaLocation="https://maven.apache.org/surefire/maven-surefire-plugin/xsd/surefire-test-report.xsd" name="com.tinkoff.edu.AppTest" time="0.069" tests="16" errors="0" skipped="0" failures="0">
  <properties>
    <property name="java.specification.version" value="15"/>
    <property name="sun.cpu.isalist" value="amd64"/>
    <property name="sun.jnu.encoding" value="Cp1251"/>
    <property name="java.class.path" value="C:\Users\v.antyushin\IdeaProjects\qa-automation-java\app\target\test-classes;C:\Users\v.antyushin\IdeaProjects\qa-automation-java\app\target\classes;C:\Users\v.antyushin\.m2\repository\org\junit\jupiter\junit-jupiter\5.8.0-M1\junit-jupiter-5.8.0-M1.jar;C:\Users\v.antyushin\.m2\repository\org\junit\jupiter\junit-jupiter-api\5.8.0-M1\junit-jupiter-api-5.8.0-M1.jar;C:\Users\v.antyushin\.m2\repository\org\apiguardian\apiguardian-api\1.1.1\apiguardian-api-1.1.1.jar;C:\Users\v.antyushin\.m2\repository\org\opentest4j\opentest4j\1.2.0\opentest4j-1.2.0.jar;C:\Users\v.antyushin\.m2\repository\org\junit\platform\junit-platform-commons\1.8.0-M1\junit-platform-commons-1.8.0-M1.jar;C:\Users\v.antyushin\.m2\repository\org\junit\jupiter\junit-jupiter-params\5.8.0-M1\junit-jupiter-params-5.8.0-M1.jar;C:\Users\v.antyushin\.m2\repository\org\junit\jupiter\junit-jupiter-engine\5.8.0-M1\junit-jupiter-engine-5.8.0-M1.jar;C:\Users\v.antyushin\.m2\repository\org\junit\platform\junit-platform-engine\1.8.0-M1\junit-platform-engine-1.8.0-M1.jar;C:\Users\v.antyushin\.m2\repository\org\jetbrains\kotlin\kotlin-stdlib-jdk8\1.4.20\kotlin-stdlib-jdk8-1.4.20.jar;C:\Users\v.antyushin\.m2\repository\org\jetbrains\kotlin\kotlin-stdlib\1.4.20\kotlin-stdlib-1.4.20.jar;C:\Users\v.antyushin\.m2\repository\org\jetbrains\kotlin\kotlin-stdlib-common\1.4.20\kotlin-stdlib-common-1.4.20.jar;C:\Users\v.antyushin\.m2\repository\org\jetbrains\annotations\13.0\annotations-13.0.jar;C:\Users\v.antyushin\.m2\repository\org\jetbrains\kotlin\kotlin-stdlib-jdk7\1.4.20\kotlin-stdlib-jdk7-1.4.20.jar;"/>
    <property name="java.vm.vendor" value="Oracle Corporation"/>
    <property name="sun.arch.data.model" value="64"/>
    <property name="user.variant" value=""/>
    <property name="java.vendor.url" value="https://java.oracle.com/"/>
    <property name="user.timezone" value="Europe/Moscow"/>
    <property name="os.name" value="Windows 10"/>
    <property name="java.vm.specification.version" value="15"/>
    <property name="sun.java.launcher" value="SUN_STANDARD"/>
    <property name="user.country" value="RU"/>
    <property name="sun.boot.library.path" value="C:\Program Files\Java\jdk-15.0.2\bin"/>
    <property name="sun.java.command" value="C:\Users\VA5D1~1.ANT\AppData\Local\Temp\surefire13426671119966399644\surefirebooter13021947511578006840.jar C:\Users\v.antyushin\AppData\Local\Temp\surefire13426671119966399644 2021-09-21T18-02-08_369-jvmRun1 surefire6780427090889552688tmp surefire_0502767357423393267tmp"/>
    <property name="jdk.debug" value="release"/>
    <property name="surefire.test.class.path" value="C:\Users\v.antyushin\IdeaProjects\qa-automation-java\app\target\test-classes;C:\Users\v.antyushin\IdeaProjects\qa-automation-java\app\target\classes;C:\Users\v.antyushin\.m2\repository\org\junit\jupiter\junit-jupiter\5.8.0-M1\junit-jupiter-5.8.0-M1.jar;C:\Users\v.antyushin\.m2\repository\org\junit\jupiter\junit-jupiter-api\5.8.0-M1\junit-jupiter-api-5.8.0-M1.jar;C:\Users\v.antyushin\.m2\repository\org\apiguardian\apiguardian-api\1.1.1\apiguardian-api-1.1.1.jar;C:\Users\v.antyushin\.m2\repository\org\opentest4j\opentest4j\1.2.0\opentest4j-1.2.0.jar;C:\Users\v.antyushin\.m2\repository\org\junit\platform\junit-platform-commons\1.8.0-M1\junit-platform-commons-1.8.0-M1.jar;C:\Users\v.antyushin\.m2\repository\org\junit\jupiter\junit-jupiter-params\5.8.0-M1\junit-jupiter-params-5.8.0-M1.jar;C:\Users\v.antyushin\.m2\repository\org\junit\jupiter\junit-jupiter-engine\5.8.0-M1\junit-jupiter-engine-5.8.0-M1.jar;C:\Users\v.antyushin\.m2\repository\org\junit\platform\junit-platform-engine\1.8.0-M1\junit-platform-engine-1.8.0-M1.jar;C:\Users\v.antyushin\.m2\repository\org\jetbrains\kotlin\kotlin-stdlib-jdk8\1.4.20\kotlin-stdlib-jdk8-1.4.20.jar;C:\Users\v.antyushin\.m2\repository\org\jetbrains\kotlin\kotlin-stdlib\1.4.20\kotlin-stdlib-1.4.20.jar;C:\Users\v.antyushin\.m2\repository\org\jetbrains\kotlin\kotlin-stdlib-common\1.4.20\kotlin-stdlib-common-1.4.20.jar;C:\Users\v.antyushin\.m2\repository\org\jetbrains\annotations\13.0\annotations-13.0.jar;C:\Users\v.antyushin\.m2\repository\org\jetbrains\kotlin\kotlin-stdlib-jdk7\1.4.20\kotlin-stdlib-jdk7-1.4.20.jar;"/>
    <property name="sun.cpu.endian" value="little"/>
    <property name="user.home" value="C:\Users\v.antyushin"/>
    <property name="user.language" value="ru"/>
    <property name="java.specification.vendor" value="Oracle Corporation"/>
    <property name="java.version.date" value="2021-01-19"/>
    <property name="java.home" value="C:\Program Files\Java\jdk-15.0.2"/>
    <property name="file.separator" value="\"/>
    <property name="basedir" value="C:\Users\v.antyushin\IdeaProjects\qa-automation-java\app"/>
    <property name="java.vm.compressedOopsMode" value="Zero based"/>
    <property name="line.separator" value="&#10;"/>
    <property name="java.vm.specification.vendor" value="Oracle Corporation"/>
    <property name="java.specification.name" value="Java Platform API Specification"/>
    <property name="surefire.real.class.path" value="C:\Users\VA5D1~1.ANT\AppData\Local\Temp\surefire13426671119966399644\surefirebooter13021947511578006840.jar"/>
    <property name="user.script" value=""/>
    <property name="sun.management.compiler" value="HotSpot 64-Bit Tiered Compilers"/>
    <property name="java.runtime.version" value="15.0.2+7-27"/>
    <property name="user.name" value="v.antyushin"/>
    <property name="path.separator" value=";"/>
    <property name="os.version" value="10.0"/>
    <property name="java.runtime.name" value="Java(TM) SE Runtime Environment"/>
    <property name="file.encoding" value="Cp1251"/>
    <property name="java.vm.name" value="Java HotSpot(TM) 64-Bit Server VM"/>
    <property name="localRepository" value="C:\Users\v.antyushin\.m2\repository"/>
    <property name="java.vendor.url.bug" value="https://bugreport.java.com/bugreport/"/>
    <property name="java.io.tmpdir" value="C:\Users\VA5D1~1.ANT\AppData\Local\Temp\"/>
    <property name="idea.version" value="2020.3.2"/>
    <property name="java.version" value="15.0.2"/>
    <property name="user.dir" value="C:\Users\v.antyushin\IdeaProjects\qa-automation-java\app"/>
    <property name="os.arch" value="amd64"/>
    <property name="java.vm.specification.name" value="Java Virtual Machine Specification"/>
    <property name="sun.os.patch.level" value=""/>
    <property name="java.library.path" value="C:\Program Files\Java\jdk-15.0.2\bin;C:\Windows\Sun\Java\bin;C:\Windows\system32;C:\Windows;C:\Program Files (x86)\Common Files\Oracle\Java\javapath;C:\Program Files\Common Files\Oracle\Java\javapath;C:\app\product\18.0.0\client_1\bin;C:\Windows\system32;C:\Windows;C:\Windows\System32\Wbem;C:\Windows\System32\WindowsPowerShell\v1.0\;C:\Windows\System32\OpenSSH\;C:\Program Files (x86)\Common Files\Oracle\Java\javapath_target_174727812;C:\Program Files\Intel\WiFi\bin\;C:\Program Files\Common Files\Intel\WirelessCommon\;C:\Users\v.antyushin\AppData\Local\Microsoft\WindowsApps;C:\Users\v.antyushin\AppData\Local\Programs\Git\cmd;."/>
    <property name="java.vm.info" value="mixed mode, sharing"/>
    <property name="java.vendor" value="Oracle Corporation"/>
    <property name="java.vm.version" value="15.0.2+7-27"/>
    <property name="sun.io.unicode.encoding" value="UnicodeLittle"/>
    <property name="java.class.version" value="59.0"/>
  </properties>
  <testcase name="shouldGetCorrectedLoanSolution" classname="com.tinkoff.edu.AppTest" time="0.04"/>
  <testcase name="shouldGetApplicationId" classname="com.tinkoff.edu.AppTest" time="0"/>
  <testcase name="shouldGetLoanRequest" classname="com.tinkoff.edu.AppTest" time="0.001"/>
  <testcase name="shouldGetIncrementedIdWhenAnyCall" classname="com.tinkoff.edu.AppTest" time="0.001"/>
  <testcase name="shouldGetChangeStatusUuidApproved" classname="com.tinkoff.edu.AppTest" time="0.001"/>
  <testcase name="shouldGetApprovedPersonRequest" classname="com.tinkoff.edu.AppTest" time="0.001"/>
  <testcase name="shouldGetDeniedOooRequest" classname="com.tinkoff.edu.AppTest" time="0.001"/>
  <testcase name="shouldGetChangeStatusUuidDenied" classname="com.tinkoff.edu.AppTest" time="0.001"/>
  <testcase name="shouldGetDeniedIpRequest" classname="com.tinkoff.edu.AppTest" time="0.001"/>
  <testcase name="shouldGetApprovedOooRequest" classname="com.tinkoff.edu.AppTest" time="0.001"/>
  <testcase name="shouldSetChangeOnApprovedAndFindApplication" classname="com.tinkoff.edu.AppTest" time="0"/>
  <testcase name="shouldGetDeniedAnyRequest" classname="com.tinkoff.edu.AppTest" time="0.001"/>
  <testcase name="shouldGetId1WhenFirstCall" classname="com.tinkoff.edu.AppTest" time="0.001"/>
  <testcase name="shouldGetApprovedIpRequest" classname="com.tinkoff.edu.AppTest" time="0.001"/>
  <testcase name="shouldGetDeniedPersonRequest" classname="com.tinkoff.edu.AppTest" time="0.001"/>
  <testcase name="shouldSetChangeOnDeniedAndFindApplication" classname="com.tinkoff.edu.AppTest" time="0.001"/>
</testsuite>